<?xml version="1.0" encoding="UTF-8"?>
<!-- Generated by org.testng.reporters.JUnitReportReporter -->
<testsuite hostname="MSI" failures="0" tests="1" name="tests.LoginTest" time="10.827" errors="0" timestamp="21 Jul 2023 07:57:03 GMT">
  <testcase classname="tests.LoginTest" name="verifyLoginFeature" time="10.827"/>
</testsuite> <!-- tests.LoginTest -->
