<?xml version="1.0" encoding="UTF-8"?>
<!-- Generated by org.testng.reporters.JUnitReportReporter -->
<testsuite hostname="DESKTOP-LIGIBO8" failures="0" tests="1" name="logExampleTestNG.NOPCommApp" time="22.992" errors="0" timestamp="2 Aug 2023 09:56:44 GMT">
  <testcase classname="logExampleTestNG.NOPCommApp" name="verifyLoginTest" time="22.992"/>
</testsuite> <!-- logExampleTestNG.NOPCommApp -->
